2025-04-28 15:28:00 | DEBUG | repo=ffmpeg.wasm | action=commit
2025-07-02 07:20:00 | INFO | repo=ffmpeg.wasm | action=commit
2025-07-21 20:30:00 | DEBUG | repo=ffmpeg.wasm | action=commit
2025-11-12 15:31:00 | INFO | repo=ffmpeg.wasm | action=commit
2025-10-25 18:52:00 | INFO | repo=ffmpeg.wasm | action=commit
2025-04-14 09:00:00 | DEBUG | repo=ffmpeg.wasm | action=commit
2025-08-09 13:04:00 | INFO | repo=ffmpeg.wasm | action=commit
2025-04-06 20:39:00 | WARN | repo=ffmpeg.wasm | action=commit
2025-05-27 08:16:00 | DEBUG | repo=ffmpeg.wasm | action=commit
2025-08-02 20:40:00 | INFO | repo=ffmpeg.wasm | action=commit
2025-01-13 17:35:00 | DEBUG | repo=ffmpeg.wasm | action=test | passed=true
2025-04-04 19:06:00 | DEBUG | repo=ffmpeg.wasm | action=commit
2025-04-24 09:50:00 | DEBUG | repo=ffmpeg.wasm | action=edit | files=2
2025-05-20 11:56:00 | INFO | repo=ffmpeg.wasm | action=test | passed=true
2025-01-10 08:34:00 | WARN | repo=ffmpeg.wasm | action=commit
2025-02-04 14:17:00 | WARN | repo=ffmpeg.wasm | action=commit
2025-12-14 10:25:00 | DEBUG | repo=ffmpeg.wasm | action=commit
2025-05-10 12:28:00 | DEBUG | repo=ffmpeg.wasm | action=commit
2025-01-09 11:22:00 | DEBUG | repo=ffmpeg.wasm | action=commit
2025-06-20 09:24:00 | WARN | repo=ffmpeg.wasm | action=commit
2025-03-25 16:58:00 | DEBUG | repo=ffmpeg.wasm | action=commit
2025-03-23 07:42:00 | DEBUG | repo=ffmpeg.wasm | action=commit
2025-07-08 18:45:00 | INFO | repo=ffmpeg.wasm | action=commit
2025-08-27 17:30:00 | DEBUG | repo=ffmpeg.wasm | action=edit | files=1
2025-09-07 11:29:00 | WARN | repo=ffmpeg.wasm | action=commit
2026-12-01 08:30:00 | DEBUG | repo=ffmpeg.wasm | action=commit
2026-07-09 13:40:00 | INFO | repo=ffmpeg.wasm | action=test | passed=true
2026-12-22 18:33:00 | INFO | repo=ffmpeg.wasm | action=commit
2026-09-09 17:04:00 | WARN | repo=ffmpeg.wasm | action=commit
2026-03-18 20:51:00 | DEBUG | repo=ffmpeg.wasm | action=commit
2026-06-04 20:47:00 | WARN | repo=ffmpeg.wasm | action=test | passed=true
2026-11-18 07:37:00 | WARN | repo=ffmpeg.wasm | action=commit
2026-11-22 08:49:00 | WARN | repo=ffmpeg.wasm | action=commit
2026-04-16 18:52:00 | WARN | repo=ffmpeg.wasm | action=commit
2026-01-25 14:18:00 | WARN | repo=ffmpeg.wasm | action=commit
2026-10-22 16:19:00 | WARN | repo=ffmpeg.wasm | action=edit | files=3
2026-07-10 16:30:00 | DEBUG | repo=ffmpeg.wasm | action=commit
2026-09-19 19:30:00 | WARN | repo=ffmpeg.wasm | action=commit
2026-11-07 14:16:00 | INFO | repo=ffmpeg.wasm | action=commit
2026-05-07 18:09:00 | WARN | repo=ffmpeg.wasm | action=commit
2026-07-03 10:05:00 | INFO | repo=ffmpeg.wasm | action=commit
2026-03-21 20:04:00 | INFO | repo=ffmpeg.wasm | action=commit
2026-10-28 13:27:00 | DEBUG | repo=ffmpeg.wasm | action=commit
2026-10-15 09:51:00 | INFO | repo=ffmpeg.wasm | action=commit
2026-07-16 20:40:00 | DEBUG | repo=ffmpeg.wasm | action=commit
2025-02-03 18:53:00 | WARN | repo=ffmpeg.wasm | action=pull
2025-07-26 12:55:00 | INFO | repo=ffmpeg.wasm | action=commit
2025-06-04 14:08:00 | INFO | repo=ffmpeg.wasm | action=commit
2025-03-04 12:21:00 | INFO | repo=ffmpeg.wasm | action=commit
2025-12-08 10:16:00 | INFO | repo=ffmpeg.wasm | action=commit
2025-12-19 11:57:00 | DEBUG | repo=ffmpeg.wasm | action=commit
2025-09-26 17:43:00 | DEBUG | repo=ffmpeg.wasm | action=commit
2025-08-26 16:19:00 | DEBUG | repo=ffmpeg.wasm | action=commit
2025-12-15 17:20:00 | DEBUG | repo=ffmpeg.wasm | action=commit
2025-02-06 08:02:00 | DEBUG | repo=ffmpeg.wasm | action=edit | files=3
2025-07-18 12:24:00 | DEBUG | repo=ffmpeg.wasm | action=commit
2025-04-15 19:58:00 | WARN | repo=ffmpeg.wasm | action=commit
2025-01-05 19:20:00 | WARN | repo=ffmpeg.wasm | action=commit
2025-08-08 13:20:00 | WARN | repo=ffmpeg.wasm | action=commit
2025-01-04 08:22:00 | WARN | repo=ffmpeg.wasm | action=commit
2025-09-14 21:17:00 | WARN | repo=ffmpeg.wasm | action=commit
2025-11-20 20:40:00 | INFO | repo=ffmpeg.wasm | action=commit
2025-08-18 19:03:00 | INFO | repo=ffmpeg.wasm | action=commit
2025-04-06 14:50:00 | WARN | repo=ffmpeg.wasm | action=commit
2025-07-27 18:59:00 | DEBUG | repo=ffmpeg.wasm | action=commit
2025-07-01 19:43:00 | WARN | repo=ffmpeg.wasm | action=commit
2025-06-16 07:11:00 | DEBUG | repo=ffmpeg.wasm | action=edit | files=1
2025-10-01 11:14:00 | WARN | repo=ffmpeg.wasm | action=commit
2025-10-05 21:53:00 | DEBUG | repo=ffmpeg.wasm | action=commit
2025-07-27 10:01:00 | DEBUG | repo=ffmpeg.wasm | action=commit
2025-10-15 18:51:00 | INFO | repo=ffmpeg.wasm | action=commit
2025-05-05 15:54:00 | INFO | repo=ffmpeg.wasm | action=edit | files=4
2025-07-10 08:03:00 | WARN | repo=ffmpeg.wasm | action=test | passed=true
2025-01-16 13:02:00 | WARN | repo=ffmpeg.wasm | action=commit
2025-02-18 19:48:00 | DEBUG | repo=ffmpeg.wasm | action=commit
2025-09-11 08:49:00 | DEBUG | repo=ffmpeg.wasm | action=commit
2025-11-10 14:54:00 | INFO | repo=ffmpeg.wasm | action=commit
2025-12-27 14:51:00 | INFO | repo=ffmpeg.wasm | action=commit
2025-04-08 17:37:00 | DEBUG | repo=ffmpeg.wasm | action=edit | files=5
2025-06-24 18:45:00 | INFO | repo=ffmpeg.wasm | action=commit
2025-11-27 07:06:00 | INFO | repo=ffmpeg.wasm | action=pull
2025-09-24 21:48:00 | DEBUG | repo=ffmpeg.wasm | action=commit
2025-05-03 21:14:00 | DEBUG | repo=ffmpeg.wasm | action=pull
2025-12-28 17:07:00 | INFO | repo=ffmpeg.wasm | action=test | passed=true
2025-02-03 18:29:00 | WARN | repo=ffmpeg.wasm | action=commit
2025-02-16 12:52:00 | WARN | repo=ffmpeg.wasm | action=edit | files=3
2025-02-24 15:54:00 | DEBUG | repo=ffmpeg.wasm | action=test | passed=true
2025-07-05 10:33:00 | INFO | repo=ffmpeg.wasm | action=commit
2025-07-25 09:38:00 | INFO | repo=ffmpeg.wasm | action=commit
2025-06-01 07:47:00 | INFO | repo=ffmpeg.wasm | action=edit | files=3
2025-10-19 13:29:00 | WARN | repo=ffmpeg.wasm | action=commit
2025-05-04 11:40:00 | WARN | repo=ffmpeg.wasm | action=edit | files=4
2025-05-08 08:39:00 | DEBUG | repo=ffmpeg.wasm | action=pull
2025-03-08 21:07:00 | INFO | repo=ffmpeg.wasm | action=commit
2025-04-15 20:22:00 | DEBUG | repo=ffmpeg.wasm | action=pull
2025-02-21 21:01:00 | WARN | repo=ffmpeg.wasm | action=pull
2025-06-09 18:25:00 | WARN | repo=ffmpeg.wasm | action=test | passed=true
2025-01-22 21:20:00 | DEBUG | repo=ffmpeg.wasm | action=commit
2025-05-27 11:45:00 | INFO | repo=ffmpeg.wasm | action=test | passed=true
2025-09-19 13:03:00 | INFO | repo=ffmpeg.wasm | action=edit | files=5
2025-03-05 19:19:00 | WARN | repo=ffmpeg.wasm | action=commit
2025-05-03 08:32:00 | WARN | repo=ffmpeg.wasm | action=test | passed=true
2025-01-03 21:07:00 | DEBUG | repo=ffmpeg.wasm | action=commit
2025-03-24 12:08:00 | DEBUG | repo=ffmpeg.wasm | action=commit
2025-07-03 09:31:00 | INFO | repo=ffmpeg.wasm | action=commit
2025-02-13 07:46:00 | WARN | repo=ffmpeg.wasm | action=commit
2025-11-26 14:17:00 | DEBUG | repo=ffmpeg.wasm | action=commit
2025-05-05 21:50:00 | DEBUG | repo=ffmpeg.wasm | action=test | passed=true
2025-11-18 16:55:00 | WARN | repo=ffmpeg.wasm | action=commit
2025-12-17 11:03:00 | WARN | repo=ffmpeg.wasm | action=commit
2025-04-17 13:23:00 | WARN | repo=ffmpeg.wasm | action=edit | files=5
2025-06-12 13:49:00 | INFO | repo=ffmpeg.wasm | action=pull
2025-01-14 14:06:00 | WARN | repo=ffmpeg.wasm | action=test | passed=true
2025-07-13 18:18:00 | DEBUG | repo=ffmpeg.wasm | action=test | passed=true
2025-05-22 11:15:00 | INFO | repo=ffmpeg.wasm | action=test | passed=true
2025-01-28 09:11:00 | WARN | repo=ffmpeg.wasm | action=commit
2024-05-12 18:14:00 | DEBUG | repo=ffmpeg.wasm | action=pull
2025-11-03 21:13:00 | WARN | repo=ffmpeg.wasm | action=commit
2024-01-06 20:06:00 | INFO | repo=ffmpeg.wasm | action=pull
2024-05-28 09:51:00 | INFO | repo=ffmpeg.wasm | action=commit
2025-08-01 15:45:00 | INFO | repo=ffmpeg.wasm | action=commit
2025-02-15 18:15:00 | INFO | repo=ffmpeg.wasm | action=commit
2025-04-11 11:43:00 | WARN | repo=ffmpeg.wasm | action=test | passed=true
2024-12-07 18:10:00 | WARN | repo=ffmpeg.wasm | action=commit
2024-06-17 17:52:00 | DEBUG | repo=ffmpeg.wasm | action=test | passed=true
2025-08-09 16:27:00 | DEBUG | repo=ffmpeg.wasm | action=commit
2025-04-06 17:16:00 | WARN | repo=ffmpeg.wasm | action=commit
2024-05-23 20:56:00 | WARN | repo=ffmpeg.wasm | action=commit
2025-07-12 15:48:00 | WARN | repo=ffmpeg.wasm | action=test | passed=true
2025-09-27 10:34:00 | DEBUG | repo=ffmpeg.wasm | action=commit
2025-07-16 18:28:00 | WARN | repo=ffmpeg.wasm | action=test | passed=true
2025-01-27 21:55:00 | DEBUG | repo=ffmpeg.wasm | action=pull
2025-07-27 09:18:00 | INFO | repo=ffmpeg.wasm | action=edit | files=1
2025-05-26 21:47:00 | INFO | repo=ffmpeg.wasm | action=edit | files=1
2025-11-19 19:46:00 | WARN | repo=ffmpeg.wasm | action=test | passed=true
2024-06-28 08:11:00 | WARN | repo=ffmpeg.wasm | action=commit
2024-12-24 15:08:00 | INFO | repo=ffmpeg.wasm | action=commit
2024-10-17 07:48:00 | WARN | repo=ffmpeg.wasm | action=pull
2024-01-19 16:48:00 | INFO | repo=ffmpeg.wasm | action=commit
2024-08-23 15:51:00 | INFO | repo=ffmpeg.wasm | action=pull
2024-02-14 20:24:00 | DEBUG | repo=ffmpeg.wasm | action=commit
2025-01-06 07:43:00 | DEBUG | repo=ffmpeg.wasm | action=pull
2025-01-17 21:26:00 | INFO | repo=ffmpeg.wasm | action=commit
2024-05-24 07:10:00 | DEBUG | repo=ffmpeg.wasm | action=commit
2024-08-27 17:44:00 | WARN | repo=ffmpeg.wasm | action=commit
2025-11-11 17:02:00 | INFO | repo=ffmpeg.wasm | action=pull
2025-08-24 16:03:00 | WARN | repo=ffmpeg.wasm | action=commit
2025-01-01 08:23:00 | WARN | repo=ffmpeg.wasm | action=commit
2024-11-06 08:33:00 | INFO | repo=ffmpeg.wasm | action=commit
2024-02-26 08:48:00 | WARN | repo=ffmpeg.wasm | action=commit
2024-03-25 21:20:00 | INFO | repo=ffmpeg.wasm | action=edit | files=5
2024-09-06 21:41:00 | INFO | repo=ffmpeg.wasm | action=test | passed=true
2025-04-26 08:10:00 | DEBUG | repo=ffmpeg.wasm | action=commit
2024-09-15 21:55:00 | INFO | repo=ffmpeg.wasm | action=test | passed=true
2024-04-11 21:06:00 | DEBUG | repo=ffmpeg.wasm | action=commit
2024-08-11 21:15:00 | DEBUG | repo=ffmpeg.wasm | action=edit | files=2
2024-10-22 15:54:00 | WARN | repo=ffmpeg.wasm | action=commit
2025-08-10 20:12:00 | WARN | repo=ffmpeg.wasm | action=commit
2024-10-05 17:28:00 | INFO | repo=ffmpeg.wasm | action=commit
2024-07-09 11:51:00 | WARN | repo=ffmpeg.wasm | action=commit
2024-07-18 15:47:00 | WARN | repo=ffmpeg.wasm | action=commit
2024-11-20 09:11:00 | WARN | repo=ffmpeg.wasm | action=pull
2025-06-10 14:09:00 | DEBUG | repo=ffmpeg.wasm | action=commit
2024-01-11 19:57:00 | INFO | repo=ffmpeg.wasm | action=commit
2025-08-17 11:07:00 | WARN | repo=ffmpeg.wasm | action=pull
2025-11-14 20:38:00 | DEBUG | repo=ffmpeg.wasm | action=test | passed=true
2024-02-26 07:53:00 | INFO | repo=ffmpeg.wasm | action=edit | files=2
2025-01-07 18:42:00 | WARN | repo=ffmpeg.wasm | action=test | passed=true
2025-07-20 16:39:00 | INFO | repo=ffmpeg.wasm | action=commit
2025-07-14 11:50:00 | DEBUG | repo=ffmpeg.wasm | action=test | passed=true
2024-05-01 18:49:00 | DEBUG | repo=ffmpeg.wasm | action=edit | files=3
2024-04-19 19:25:00 | DEBUG | repo=ffmpeg.wasm | action=test | passed=true
2024-08-24 08:37:00 | WARN | repo=ffmpeg.wasm | action=commit
2025-11-06 10:20:00 | INFO | repo=ffmpeg.wasm | action=commit
2025-07-23 11:31:00 | INFO | repo=ffmpeg.wasm | action=test | passed=true
2025-07-10 18:14:00 | WARN | repo=ffmpeg.wasm | action=test | passed=true
2025-05-11 18:57:00 | WARN | repo=ffmpeg.wasm | action=test | passed=true
2025-12-25 21:01:00 | WARN | repo=ffmpeg.wasm | action=commit
2025-05-15 21:50:00 | WARN | repo=ffmpeg.wasm | action=commit
2025-08-28 15:16:00 | DEBUG | repo=ffmpeg.wasm | action=test | passed=true
2025-03-09 08:28:00 | INFO | repo=ffmpeg.wasm | action=edit | files=5
2025-03-03 14:08:00 | WARN | repo=ffmpeg.wasm | action=commit
2025-09-01 21:12:00 | DEBUG | repo=ffmpeg.wasm | action=pull
2025-04-11 15:52:00 | WARN | repo=ffmpeg.wasm | action=edit | files=1
2025-05-02 13:56:00 | DEBUG | repo=ffmpeg.wasm | action=test | passed=true
2025-06-16 11:28:00 | INFO | repo=ffmpeg.wasm | action=edit | files=3
2025-11-13 15:56:00 | WARN | repo=ffmpeg.wasm | action=test | passed=true
2025-02-16 21:59:00 | INFO | repo=ffmpeg.wasm | action=commit
2025-11-02 20:16:00 | DEBUG | repo=ffmpeg.wasm | action=commit
2025-08-25 14:54:00 | WARN | repo=ffmpeg.wasm | action=test | passed=true
2025-02-14 20:44:00 | WARN | repo=ffmpeg.wasm | action=edit | files=4
2025-11-13 18:34:00 | DEBUG | repo=ffmpeg.wasm | action=commit
2025-09-15 17:22:00 | WARN | repo=ffmpeg.wasm | action=pull
2025-06-04 12:13:00 | INFO | repo=ffmpeg.wasm | action=commit
2025-09-11 11:49:00 | DEBUG | repo=ffmpeg.wasm | action=commit
2025-05-05 19:41:00 | INFO | repo=ffmpeg.wasm | action=pull
2025-08-22 14:15:00 | DEBUG | repo=ffmpeg.wasm | action=test | passed=true
2025-03-23 07:24:00 | WARN | repo=ffmpeg.wasm | action=commit
2025-10-26 11:17:00 | DEBUG | repo=ffmpeg.wasm | action=commit
2025-07-06 18:58:00 | WARN | repo=ffmpeg.wasm | action=commit
2025-03-22 15:09:00 | DEBUG | repo=ffmpeg.wasm | action=test | passed=true
2025-07-13 12:58:00 | INFO | repo=ffmpeg.wasm | action=commit
2025-10-03 14:02:00 | INFO | repo=ffmpeg.wasm | action=commit
2025-03-07 09:44:00 | WARN | repo=ffmpeg.wasm | action=commit
2025-06-03 14:14:00 | DEBUG | repo=ffmpeg.wasm | action=commit
2025-06-11 21:17:00 | INFO | repo=ffmpeg.wasm | action=test | passed=true
2025-11-03 18:09:00 | DEBUG | repo=ffmpeg.wasm | action=commit
2025-04-04 08:28:00 | INFO | repo=ffmpeg.wasm | action=commit
2025-12-02 12:12:00 | WARN | repo=ffmpeg.wasm | action=pull
2025-01-25 11:45:00 | INFO | repo=ffmpeg.wasm | action=commit
2025-09-05 17:36:00 | INFO | repo=ffmpeg.wasm | action=commit
2025-02-18 11:41:00 | INFO | repo=ffmpeg.wasm | action=commit
2025-03-28 20:44:00 | INFO | repo=ffmpeg.wasm | action=edit | files=5
2025-10-17 14:44:00 | DEBUG | repo=ffmpeg.wasm | action=commit
2025-07-22 17:30:00 | WARN | repo=ffmpeg.wasm | action=pull
2025-07-11 18:46:00 | DEBUG | repo=ffmpeg.wasm | action=commit
2025-03-17 07:37:00 | WARN | repo=ffmpeg.wasm | action=test | passed=true
2025-04-02 11:22:00 | WARN | repo=ffmpeg.wasm | action=commit
2025-12-21 08:28:00 | DEBUG | repo=ffmpeg.wasm | action=pull
2025-04-07 19:19:00 | DEBUG | repo=ffmpeg.wasm | action=commit
2025-12-09 19:23:00 | INFO | repo=ffmpeg.wasm | action=commit
2025-05-27 13:33:00 | INFO | repo=ffmpeg.wasm | action=test | passed=true
2025-04-14 14:39:00 | WARN | repo=ffmpeg.wasm | action=test | passed=true
2025-08-28 07:13:00 | WARN | repo=ffmpeg.wasm | action=edit | files=3
2025-09-26 14:47:00 | INFO | repo=ffmpeg.wasm | action=commit
2025-03-21 08:54:00 | WARN | repo=ffmpeg.wasm | action=edit | files=4
2025-05-07 18:04:00 | WARN | repo=ffmpeg.wasm | action=edit | files=2
2025-02-05 19:57:00 | WARN | repo=ffmpeg.wasm | action=commit
2025-06-10 18:10:00 | DEBUG | repo=ffmpeg.wasm | action=commit
2025-07-18 15:41:00 | DEBUG | repo=ffmpeg.wasm | action=commit
2025-10-21 13:43:00 | WARN | repo=ffmpeg.wasm | action=commit
2025-02-28 07:11:00 | WARN | repo=ffmpeg.wasm | action=edit | files=4
2025-05-03 10:40:00 | DEBUG | repo=ffmpeg.wasm | action=commit
2025-03-18 20:31:00 | INFO | repo=ffmpeg.wasm | action=commit
2025-12-08 08:09:00 | WARN | repo=ffmpeg.wasm | action=test | passed=true
2025-08-14 08:04:00 | INFO | repo=ffmpeg.wasm | action=commit
2025-11-19 20:17:00 | DEBUG | repo=ffmpeg.wasm | action=commit
2025-03-26 19:39:00 | DEBUG | repo=ffmpeg.wasm | action=pull
2025-02-06 20:44:00 | WARN | repo=ffmpeg.wasm | action=commit
2025-04-03 17:31:00 | WARN | repo=ffmpeg.wasm | action=test | passed=true
2025-03-26 12:17:00 | WARN | repo=ffmpeg.wasm | action=edit | files=2
2025-06-17 11:13:00 | DEBUG | repo=ffmpeg.wasm | action=commit
2025-05-11 09:55:00 | INFO | repo=ffmpeg.wasm | action=commit
2025-06-26 08:40:00 | WARN | repo=ffmpeg.wasm | action=commit
2025-07-10 15:56:00 | INFO | repo=ffmpeg.wasm | action=commit
2025-02-25 13:41:00 | WARN | repo=ffmpeg.wasm | action=test | passed=true
2025-09-04 08:55:00 | DEBUG | repo=ffmpeg.wasm | action=commit
2025-08-24 14:22:00 | DEBUG | repo=ffmpeg.wasm | action=commit
2025-07-15 07:28:00 | WARN | repo=ffmpeg.wasm | action=test | passed=true
2025-10-11 08:45:00 | INFO | repo=ffmpeg.wasm | action=test | passed=true
2025-04-02 19:19:00 | WARN | repo=ffmpeg.wasm | action=commit
2025-07-09 20:34:00 | WARN | repo=ffmpeg.wasm | action=commit
2025-03-02 16:56:00 | DEBUG | repo=ffmpeg.wasm | action=edit | files=2
2025-04-27 08:01:00 | INFO | repo=ffmpeg.wasm | action=commit
2025-06-25 15:11:00 | WARN | repo=ffmpeg.wasm | action=commit
2025-07-16 20:36:00 | DEBUG | repo=ffmpeg.wasm | action=commit
2025-06-21 14:10:00 | INFO | repo=ffmpeg.wasm | action=commit
2025-07-18 13:51:00 | WARN | repo=ffmpeg.wasm | action=commit
2025-06-19 12:22:00 | WARN | repo=ffmpeg.wasm | action=test | passed=true
2025-11-15 20:22:00 | WARN | repo=ffmpeg.wasm | action=commit
2025-05-19 19:36:00 | WARN | repo=ffmpeg.wasm | action=pull
2025-03-08 18:21:00 | WARN | repo=ffmpeg.wasm | action=test | passed=true
2025-12-19 21:38:00 | INFO | repo=ffmpeg.wasm | action=commit
2025-03-03 20:02:00 | WARN | repo=ffmpeg.wasm | action=commit
2025-04-14 19:37:00 | INFO | repo=ffmpeg.wasm | action=commit
2025-03-22 10:08:00 | INFO | repo=ffmpeg.wasm | action=test | passed=true
2025-02-27 13:39:00 | WARN | repo=ffmpeg.wasm | action=commit
2025-08-02 18:21:00 | INFO | repo=ffmpeg.wasm | action=commit
2025-01-07 14:13:00 | DEBUG | repo=ffmpeg.wasm | action=commit
2025-09-05 07:31:00 | DEBUG | repo=ffmpeg.wasm | action=test | passed=true
2025-08-27 09:03:00 | WARN | repo=ffmpeg.wasm | action=commit
2025-11-19 17:55:00 | WARN | repo=ffmpeg.wasm | action=commit
2025-04-10 16:17:00 | INFO | repo=ffmpeg.wasm | action=test | passed=true
2025-04-15 12:30:00 | INFO | repo=ffmpeg.wasm | action=pull
2025-07-11 09:40:00 | WARN | repo=ffmpeg.wasm | action=commit
2025-06-21 10:42:00 | INFO | repo=ffmpeg.wasm | action=pull
2025-07-19 17:05:00 | WARN | repo=ffmpeg.wasm | action=commit
2025-08-07 14:57:00 | DEBUG | repo=ffmpeg.wasm | action=commit
2025-09-08 21:07:00 | WARN | repo=ffmpeg.wasm | action=pull
2025-01-13 16:08:00 | INFO | repo=ffmpeg.wasm | action=commit
2025-09-25 09:30:00 | DEBUG | repo=ffmpeg.wasm | action=pull
2025-04-04 11:02:00 | DEBUG | repo=ffmpeg.wasm | action=pull
2025-01-28 13:35:00 | WARN | repo=ffmpeg.wasm | action=commit
2025-06-19 13:11:00 | DEBUG | repo=ffmpeg.wasm | action=test | passed=true
2025-08-08 13:28:00 | DEBUG | repo=ffmpeg.wasm | action=commit
2025-12-28 21:16:00 | WARN | repo=ffmpeg.wasm | action=edit | files=2
2025-09-10 14:00:00 | INFO | repo=ffmpeg.wasm | action=commit
2025-06-18 14:53:00 | INFO | repo=ffmpeg.wasm | action=commit
2025-01-11 12:36:00 | INFO | repo=ffmpeg.wasm | action=commit
2025-03-19 07:15:00 | INFO | repo=ffmpeg.wasm | action=commit
2025-06-02 11:37:00 | DEBUG | repo=ffmpeg.wasm | action=test | passed=true
2025-10-08 07:17:00 | INFO | repo=ffmpeg.wasm | action=commit
2025-04-20 13:16:00 | WARN | repo=ffmpeg.wasm | action=commit
2025-06-21 15:22:00 | DEBUG | repo=ffmpeg.wasm | action=commit
2025-01-19 16:05:00 | WARN | repo=ffmpeg.wasm | action=pull
2025-11-12 16:28:00 | INFO | repo=ffmpeg.wasm | action=test | passed=true
2025-05-19 18:26:00 | DEBUG | repo=ffmpeg.wasm | action=commit
2025-04-15 07:10:00 | WARN | repo=ffmpeg.wasm | action=commit
2025-11-28 08:31:00 | DEBUG | repo=ffmpeg.wasm | action=pull
2025-08-01 20:14:00 | INFO | repo=ffmpeg.wasm | action=commit
2025-01-14 11:06:00 | INFO | repo=ffmpeg.wasm | action=pull
2025-09-22 19:30:00 | DEBUG | repo=ffmpeg.wasm | action=edit | files=2
2025-04-07 18:08:00 | INFO | repo=ffmpeg.wasm | action=commit
2025-03-06 16:36:00 | WARN | repo=ffmpeg.wasm | action=commit
2025-10-25 10:36:00 | INFO | repo=ffmpeg.wasm | action=test | passed=true
2025-01-04 13:53:00 | INFO | repo=ffmpeg.wasm | action=edit | files=5
2025-09-16 12:31:00 | DEBUG | repo=ffmpeg.wasm | action=test | passed=true
2025-11-27 13:37:00 | INFO | repo=ffmpeg.wasm | action=commit
2025-10-17 08:35:00 | WARN | repo=ffmpeg.wasm | action=commit
2025-11-26 20:14:00 | INFO | repo=ffmpeg.wasm | action=commit
2025-06-16 19:08:00 | WARN | repo=ffmpeg.wasm | action=commit
2025-10-06 17:45:00 | WARN | repo=ffmpeg.wasm | action=pull
2025-05-22 07:32:00 | INFO | repo=ffmpeg.wasm | action=commit
2025-08-24 10:33:00 | DEBUG | repo=ffmpeg.wasm | action=commit
2025-11-09 16:37:00 | DEBUG | repo=ffmpeg.wasm | action=edit | files=1
2025-06-19 14:29:00 | WARN | repo=ffmpeg.wasm | action=commit
2025-01-17 14:58:00 | DEBUG | repo=ffmpeg.wasm | action=commit
2025-03-14 18:56:00 | INFO | repo=ffmpeg.wasm | action=commit
2025-10-08 07:27:00 | WARN | repo=ffmpeg.wasm | action=commit
2025-07-24 13:12:00 | INFO | repo=ffmpeg.wasm | action=commit
2025-05-28 21:14:00 | INFO | repo=ffmpeg.wasm | action=commit
2025-01-12 20:59:00 | WARN | repo=ffmpeg.wasm | action=commit
2025-01-03 13:32:00 | DEBUG | repo=ffmpeg.wasm | action=commit
2025-01-13 07:35:00 | DEBUG | repo=ffmpeg.wasm | action=commit
2025-10-21 21:14:00 | WARN | repo=ffmpeg.wasm | action=edit | files=1
2025-03-17 07:34:00 | WARN | repo=ffmpeg.wasm | action=pull
2025-09-25 17:01:00 | WARN | repo=ffmpeg.wasm | action=commit
2025-09-01 16:28:00 | WARN | repo=ffmpeg.wasm | action=commit
2025-05-15 09:30:00 | WARN | repo=ffmpeg.wasm | action=edit | files=4
2025-07-14 15:04:00 | WARN | repo=ffmpeg.wasm | action=commit
2025-12-23 14:29:00 | WARN | repo=ffmpeg.wasm | action=commit
2025-12-25 18:16:00 | DEBUG | repo=ffmpeg.wasm | action=commit
2025-06-14T15:09:00 | nonce=16946444873694873262
2025-06-02T14:16:00 | nonce=3244741083710572573
2025-05-03T10:52:00 | nonce=6905783002123988341
2025-06-01T20:13:00 | nonce=8486907227733096802
2025-12-04T18:43:00 | nonce=12808686977240099945
2025-04-08T15:08:00 | nonce=16426062180802635757
2025-07-10T18:14:00 | nonce=5567389126142545542
2025-03-17T19:32:00 | nonce=12072015787863967853
2025-02-08T19:41:00 | nonce=2221407460545236712
2025-01-23T17:08:00 | nonce=11898225444501181258
2025-07-01T17:22:00 | nonce=792715562387612411
2025-07-12T20:56:00 | nonce=10462365911755862076
2025-05-22T17:44:00 | nonce=4086185696238274884
2025-02-24T16:42:00 | nonce=14984307774031601662
2025-04-08T10:24:00 | nonce=10469681345843094562
2025-01-05T17:02:00 | nonce=8020727101088574132
2025-02-11T16:26:00 | nonce=14692767175275445670
2025-05-29T20:51:00 | nonce=2982590889685113125
2025-08-31T12:11:00 | nonce=15909964874597126963
2025-09-07T09:15:00 | nonce=14517262247355867599
2025-11-30T12:45:00 | nonce=12063997769409658829
2025-12-08T17:02:00 | nonce=15691103756105914725
2025-05-03T12:34:00 | nonce=8582479935666878173
2024-03-18T17:05:00 | nonce=10761633112855256842
2025-10-08T13:39:00 | nonce=5968863012611552787
2025-07-06T12:20:00 | nonce=358397916650308639
2024-06-19T17:10:00 | nonce=2210280880451496551
2025-02-26T19:45:00 | nonce=16881011233342281507
2024-07-18T10:38:00 | nonce=5653619887032568538
2025-03-08T15:56:00 | nonce=9631783123185694920
2024-11-03T16:58:00 | nonce=4483885441125001509
2025-11-02T12:49:00 | nonce=1851180684308632685
2024-11-22T14:00:00 | nonce=223942129464141049
2025-08-27T16:13:00 | nonce=3508465485792283659
2024-12-01T19:00:00 | nonce=13856318980354986038
2025-06-24T17:59:00 | nonce=17920506054749331830
2024-03-31T16:13:00 | nonce=12120958555002181552
2024-05-11T10:14:00 | nonce=823739529410808153
2024-05-28T13:32:00 | nonce=16102397498698829146
2024-06-23T15:26:00 | nonce=6804268702166875684
2024-09-28T16:30:00 | nonce=6118624800690822587
2024-10-09T12:43:00 | nonce=49950555445232490
